<?xml version="1.0" encoding="UTF-8"?>
<!-- Generated by org.testng.reporters.JUnitReportReporter -->
<testsuite hostname="DESKTOP-4OB50J4" failures="0" tests="1" name="test.Execution.POC" time="7.161" errors="0" timestamp="2023-02-21T11:00:12 IST" skipped="0">
  <testcase classname="test.Execution.POC" name="TravelPageObjects" time="7.161"/>
  <system-out/>
</testsuite> <!-- test.Execution.POC -->
